Base path: C:/Program Files/Unity/Editor/Data
Pipe name: \\.\pipe\UnityShaderCompiler-64bit-1-4372
Cmd: getPlatforms
Cmd: preprocess
  insize=1301 outsize=389 ok=1
Cmd: compileSnippet
  api=4 type=0 insize=1209 outsize=1136 kw= pd= ok=1
Cmd: compileSnippet
  api=4 type=1 insize=1209 outsize=1071 kw= pd= ok=1
Cmd: preprocess
  insize=1629 outsize=487 ok=1
Cmd: compileSnippet
  api=4 type=0 insize=1441 outsize=1136 kw= pd= ok=1
Cmd: compileSnippet
  api=4 type=1 insize=1441 outsize=1233 kw= pd= ok=1
Cmd: preprocess
  insize=1299 outsize=387 ok=1
Cmd: compileSnippet
  api=4 type=0 insize=1209 outsize=1136 kw= pd= ok=1
Cmd: compileSnippet
  api=4 type=1 insize=1209 outsize=1071 kw= pd= ok=1
Cmd: preprocess
  insize=1565 outsize=501 ok=1
Cmd: compileSnippet
  api=4 type=0 insize=1363 outsize=1136 kw= pd= ok=1
Cmd: compileSnippet
  api=4 type=1 insize=1363 outsize=1063 kw= pd= ok=1
Cmd: preprocess
  insize=1097 outsize=340 ok=1
Cmd: compileSnippet
  api=4 type=0 insize=1054 outsize=1136 kw= pd= ok=1
Cmd: compileSnippet
  api=4 type=1 insize=1054 outsize=697 kw= pd= ok=1
Cmd: preprocess
  insize=1095 outsize=338 ok=1
Cmd: compileSnippet
  api=4 type=0 insize=1054 outsize=1136 kw= pd= ok=1
Cmd: compileSnippet
  api=4 type=1 insize=1054 outsize=697 kw= pd= ok=1
Cmd: compileSnippet
  api=4 type=0 insize=982 outsize=3979 kw=DIRECTIONAL SHADOWS_OFF LIGHTMAP_OFF DIRLIGHTMAP_OFF DYNAMICLIGHTMAP_OFF _EMISSION pd= ok=1
Cmd: compileSnippet
  api=4 type=1 insize=982 outsize=10829 kw=DIRECTIONAL SHADOWS_OFF LIGHTMAP_OFF DIRLIGHTMAP_OFF DYNAMICLIGHTMAP_OFF _EMISSION pd= ok=1
Cmd: compileSnippet
  api=4 type=0 insize=982 outsize=4337 kw=DIRECTIONAL SHADOWS_SCREEN LIGHTMAP_OFF DIRLIGHTMAP_OFF DYNAMICLIGHTMAP_OFF _EMISSION pd= ok=1
Cmd: compileSnippet
  api=4 type=1 insize=982 outsize=11138 kw=DIRECTIONAL SHADOWS_SCREEN LIGHTMAP_OFF DIRLIGHTMAP_OFF DYNAMICLIGHTMAP_OFF _EMISSION pd= ok=1
Cmd: compileSnippet
  api=4 type=0 insize=982 outsize=4337 kw=DIRECTIONAL SHADOWS_SCREEN LIGHTMAP_OFF DIRLIGHTMAP_OFF DYNAMICLIGHTMAP_OFF pd= ok=1
Cmd: compileSnippet
  api=4 type=1 insize=982 outsize=10926 kw=DIRECTIONAL SHADOWS_SCREEN LIGHTMAP_OFF DIRLIGHTMAP_OFF DYNAMICLIGHTMAP_OFF pd= ok=1
Cmd: compileSnippet
  api=4 type=0 insize=938 outsize=4101 kw=DIRECTIONAL SHADOWS_OFF pd= ok=1
Cmd: compileSnippet
  api=4 type=1 insize=938 outsize=5515 kw=DIRECTIONAL SHADOWS_OFF pd= ok=1
